# Logfile created on 2016-08-27 18:19:19 -0400 by logger.rb/54362
D, [2016-08-27T18:45:26.536145 #36705] DEBUG -- : DRAGONFLY: shell command: '/usr/local/bin/convert' '/Users/manny/code/client_websites/jaxzensangha.org/public/tmp/tmp.jpg' '-resize' '500x' '/var/folders/70/8qsz1w6x2nnfv0rh08sfzdsm0000gp/T/dragonfly20160827-36705-1bewhrx.jpg'
W, [2016-08-27T18:45:27.086121 #36705]  WARN -- : DRAGONFLY: caught error - Command failed ('/usr/local/bin/convert' '/Users/manny/code/client_websites/jaxzensangha.org/public/tmp/tmp.jpg' '-resize' '500x' '/var/folders/70/8qsz1w6x2nnfv0rh08sfzdsm0000gp/T/dragonfly20160827-36705-1bewhrx.jpg') with exit status 1 and stderr convert: unable to open image `/Users/manny/code/client_websites/jaxzensangha.org/public/tmp/tmp.jpg': No such file or directory @ error/blob.c/OpenBlob/2642.
convert: no images defined `/var/folders/70/8qsz1w6x2nnfv0rh08sfzdsm0000gp/T/dragonfly20160827-36705-1bewhrx.jpg' @ error/convert.c/ConvertImageCommand/3044.

I, [2016-08-27T18:45:27.086265 #36705]  INFO -- : DRAGONFLY: GET /steam/dynamic/W1siZmYiLCIvVXNlcnMvbWFubnkvY29kZS9jbGllbnRfd2Vic2l0ZXMvamF4emVuc2FuZ2hhLm9yZy9wdWJsaWMvdG1wL3RtcC5qcGciXSxbInAiLCJ0aHVtYiIsIjUwMHgiXV0/8a62ea40cd3cbc5a/tmp.jpg 500
D, [2016-09-04T17:00:17.504335 #5529] DEBUG -- : DRAGONFLY: shell command: '/usr/local/bin/convert' '/Users/manny/code/client_websites/jaxzensangha.org/public/tmp/tmp.jpg' '-resize' '200x' '/var/folders/70/8qsz1w6x2nnfv0rh08sfzdsm0000gp/T/dragonfly20160904-5529-f2ml.jpg'
W, [2016-09-04T17:00:18.283073 #5529]  WARN -- : DRAGONFLY: caught error - Command failed ('/usr/local/bin/convert' '/Users/manny/code/client_websites/jaxzensangha.org/public/tmp/tmp.jpg' '-resize' '200x' '/var/folders/70/8qsz1w6x2nnfv0rh08sfzdsm0000gp/T/dragonfly20160904-5529-f2ml.jpg') with exit status 1 and stderr convert: unable to open image `/Users/manny/code/client_websites/jaxzensangha.org/public/tmp/tmp.jpg': No such file or directory @ error/blob.c/OpenBlob/2642.
convert: no images defined `/var/folders/70/8qsz1w6x2nnfv0rh08sfzdsm0000gp/T/dragonfly20160904-5529-f2ml.jpg' @ error/convert.c/ConvertImageCommand/3044.

I, [2016-09-04T17:00:18.283576 #5529]  INFO -- : DRAGONFLY: GET /steam/dynamic/W1siZmYiLCIvVXNlcnMvbWFubnkvY29kZS9jbGllbnRfd2Vic2l0ZXMvamF4emVuc2FuZ2hhLm9yZy9wdWJsaWMvdG1wL3RtcC5qcGciXSxbInAiLCJ0aHVtYiIsIjIwMHgiXV0/ceaade0846725258/tmp.jpg 500
D, [2016-09-04T17:00:33.889810 #5529] DEBUG -- : DRAGONFLY: shell command: '/usr/local/bin/convert' '/Users/manny/code/client_websites/jaxzensangha.org/public/tmp/tmp.jpg' '-resize' '200x' '/var/folders/70/8qsz1w6x2nnfv0rh08sfzdsm0000gp/T/dragonfly20160904-5529-i93n4r.jpg'
W, [2016-09-04T17:00:33.911013 #5529]  WARN -- : DRAGONFLY: caught error - Command failed ('/usr/local/bin/convert' '/Users/manny/code/client_websites/jaxzensangha.org/public/tmp/tmp.jpg' '-resize' '200x' '/var/folders/70/8qsz1w6x2nnfv0rh08sfzdsm0000gp/T/dragonfly20160904-5529-i93n4r.jpg') with exit status 1 and stderr convert: unable to open image `/Users/manny/code/client_websites/jaxzensangha.org/public/tmp/tmp.jpg': No such file or directory @ error/blob.c/OpenBlob/2642.
convert: no images defined `/var/folders/70/8qsz1w6x2nnfv0rh08sfzdsm0000gp/T/dragonfly20160904-5529-i93n4r.jpg' @ error/convert.c/ConvertImageCommand/3044.

I, [2016-09-04T17:00:33.911142 #5529]  INFO -- : DRAGONFLY: GET /steam/dynamic/W1siZmYiLCIvVXNlcnMvbWFubnkvY29kZS9jbGllbnRfd2Vic2l0ZXMvamF4emVuc2FuZ2hhLm9yZy9wdWJsaWMvdG1wL3RtcC5qcGciXSxbInAiLCJ0aHVtYiIsIjIwMHgiXV0/ceaade0846725258/tmp.jpg 500
D, [2016-09-04T17:02:28.355038 #5529] DEBUG -- : DRAGONFLY: shell command: '/usr/local/bin/convert' '/Users/manny/code/client_websites/jaxzensangha.org/public/tmp/tmp.jpg' '-resize' '200x' '/var/folders/70/8qsz1w6x2nnfv0rh08sfzdsm0000gp/T/dragonfly20160904-5529-1f26m19.jpg'
W, [2016-09-04T17:02:28.373618 #5529]  WARN -- : DRAGONFLY: caught error - Command failed ('/usr/local/bin/convert' '/Users/manny/code/client_websites/jaxzensangha.org/public/tmp/tmp.jpg' '-resize' '200x' '/var/folders/70/8qsz1w6x2nnfv0rh08sfzdsm0000gp/T/dragonfly20160904-5529-1f26m19.jpg') with exit status 1 and stderr convert: unable to open image `/Users/manny/code/client_websites/jaxzensangha.org/public/tmp/tmp.jpg': No such file or directory @ error/blob.c/OpenBlob/2642.
convert: no images defined `/var/folders/70/8qsz1w6x2nnfv0rh08sfzdsm0000gp/T/dragonfly20160904-5529-1f26m19.jpg' @ error/convert.c/ConvertImageCommand/3044.

I, [2016-09-04T17:02:28.373936 #5529]  INFO -- : DRAGONFLY: GET /steam/dynamic/W1siZmYiLCIvVXNlcnMvbWFubnkvY29kZS9jbGllbnRfd2Vic2l0ZXMvamF4emVuc2FuZ2hhLm9yZy9wdWJsaWMvdG1wL3RtcC5qcGciXSxbInAiLCJ0aHVtYiIsIjIwMHgiXV0/ceaade0846725258/tmp.jpg 500
D, [2016-09-04T17:02:28.450171 #5529] DEBUG -- : DRAGONFLY: shell command: '/usr/local/bin/convert' '/Users/manny/code/client_websites/jaxzensangha.org/public/tmp/tmp.jpg' '-resize' '200x' '/var/folders/70/8qsz1w6x2nnfv0rh08sfzdsm0000gp/T/dragonfly20160904-5529-1vyu9fb.jpg'
W, [2016-09-04T17:02:28.469098 #5529]  WARN -- : DRAGONFLY: caught error - Command failed ('/usr/local/bin/convert' '/Users/manny/code/client_websites/jaxzensangha.org/public/tmp/tmp.jpg' '-resize' '200x' '/var/folders/70/8qsz1w6x2nnfv0rh08sfzdsm0000gp/T/dragonfly20160904-5529-1vyu9fb.jpg') with exit status 1 and stderr convert: unable to open image `/Users/manny/code/client_websites/jaxzensangha.org/public/tmp/tmp.jpg': No such file or directory @ error/blob.c/OpenBlob/2642.
convert: no images defined `/var/folders/70/8qsz1w6x2nnfv0rh08sfzdsm0000gp/T/dragonfly20160904-5529-1vyu9fb.jpg' @ error/convert.c/ConvertImageCommand/3044.

I, [2016-09-04T17:02:28.469288 #5529]  INFO -- : DRAGONFLY: GET /steam/dynamic/W1siZmYiLCIvVXNlcnMvbWFubnkvY29kZS9jbGllbnRfd2Vic2l0ZXMvamF4emVuc2FuZ2hhLm9yZy9wdWJsaWMvdG1wL3RtcC5qcGciXSxbInAiLCJ0aHVtYiIsIjIwMHgiXV0/ceaade0846725258/tmp.jpg 500
D, [2016-09-04T17:03:16.405854 #5529] DEBUG -- : DRAGONFLY: shell command: '/usr/local/bin/convert' '/Users/manny/code/client_websites/jaxzensangha.org/public/tmp/tmp.jpg' '-resize' '200x' '/var/folders/70/8qsz1w6x2nnfv0rh08sfzdsm0000gp/T/dragonfly20160904-5529-1bnavfi.jpg'
W, [2016-09-04T17:03:16.424121 #5529]  WARN -- : DRAGONFLY: caught error - Command failed ('/usr/local/bin/convert' '/Users/manny/code/client_websites/jaxzensangha.org/public/tmp/tmp.jpg' '-resize' '200x' '/var/folders/70/8qsz1w6x2nnfv0rh08sfzdsm0000gp/T/dragonfly20160904-5529-1bnavfi.jpg') with exit status 1 and stderr convert: unable to open image `/Users/manny/code/client_websites/jaxzensangha.org/public/tmp/tmp.jpg': No such file or directory @ error/blob.c/OpenBlob/2642.
convert: no images defined `/var/folders/70/8qsz1w6x2nnfv0rh08sfzdsm0000gp/T/dragonfly20160904-5529-1bnavfi.jpg' @ error/convert.c/ConvertImageCommand/3044.

I, [2016-09-04T17:03:16.424247 #5529]  INFO -- : DRAGONFLY: GET /steam/dynamic/W1siZmYiLCIvVXNlcnMvbWFubnkvY29kZS9jbGllbnRfd2Vic2l0ZXMvamF4emVuc2FuZ2hhLm9yZy9wdWJsaWMvdG1wL3RtcC5qcGciXSxbInAiLCJ0aHVtYiIsIjIwMHgiXV0/ceaade0846725258/tmp.jpg 500
D, [2016-09-04T17:03:16.481796 #5529] DEBUG -- : DRAGONFLY: shell command: '/usr/local/bin/convert' '/Users/manny/code/client_websites/jaxzensangha.org/public/tmp/tmp.jpg' '-resize' '200x' '/var/folders/70/8qsz1w6x2nnfv0rh08sfzdsm0000gp/T/dragonfly20160904-5529-86fp6j.jpg'
W, [2016-09-04T17:03:16.501394 #5529]  WARN -- : DRAGONFLY: caught error - Command failed ('/usr/local/bin/convert' '/Users/manny/code/client_websites/jaxzensangha.org/public/tmp/tmp.jpg' '-resize' '200x' '/var/folders/70/8qsz1w6x2nnfv0rh08sfzdsm0000gp/T/dragonfly20160904-5529-86fp6j.jpg') with exit status 1 and stderr convert: unable to open image `/Users/manny/code/client_websites/jaxzensangha.org/public/tmp/tmp.jpg': No such file or directory @ error/blob.c/OpenBlob/2642.
convert: no images defined `/var/folders/70/8qsz1w6x2nnfv0rh08sfzdsm0000gp/T/dragonfly20160904-5529-86fp6j.jpg' @ error/convert.c/ConvertImageCommand/3044.

I, [2016-09-04T17:03:16.501505 #5529]  INFO -- : DRAGONFLY: GET /steam/dynamic/W1siZmYiLCIvVXNlcnMvbWFubnkvY29kZS9jbGllbnRfd2Vic2l0ZXMvamF4emVuc2FuZ2hhLm9yZy9wdWJsaWMvdG1wL3RtcC5qcGciXSxbInAiLCJ0aHVtYiIsIjIwMHgiXV0/ceaade0846725258/tmp.jpg 500
